I, [2014-09-17T17:20:49.382275 #14359]  INFO -- Kitchen: -----> Starting Kitchen (v1.2.1)
I, [2014-09-17T17:20:49.654770 #14359]  INFO -- Kitchen: -----> Cleaning up any prior instances of <default-centos-65>
I, [2014-09-17T17:20:49.655075 #14359]  INFO -- Kitchen: -----> Destroying <default-centos-65>...
I, [2014-09-17T17:20:49.656447 #14359]  INFO -- Kitchen: -----> Testing <default-centos-65>
I, [2014-09-17T17:20:49.656598 #14359]  INFO -- Kitchen: -----> Creating <default-centos-65>...
I, [2014-09-17T17:21:53.081536 #14359]  INFO -- Kitchen: -----> Converging <default-centos-65>...
E, [2014-09-17T17:22:48.392569 #14359] ERROR -- Kitchen: Converge failed on instance <default-centos-65>.
I, [2014-09-17T17:27:18.246165 #15621]  INFO -- Kitchen: -----> Starting Kitchen (v1.2.1)
I, [2014-09-17T17:27:18.528720 #15621]  INFO -- Kitchen: -----> Converging <default-centos-65>...
E, [2014-09-17T17:27:22.459381 #15621] ERROR -- Kitchen: Converge failed on instance <default-centos-65>.
I, [2014-09-17T17:32:26.969219 #15688]  INFO -- Kitchen: -----> Starting Kitchen (v1.2.1)
I, [2014-09-17T17:32:27.592179 #15688]  INFO -- Kitchen: -----> Converging <default-centos-65>...
I, [2014-09-17T17:33:22.989052 #15688]  INFO -- Kitchen: -----> Kitchen is finished. (0m56.02s)
I, [2014-09-17T17:36:08.692434 #15736]  INFO -- Kitchen: -----> Starting Kitchen (v1.2.1)
I, [2014-09-17T17:36:09.189989 #15736]  INFO -- Kitchen: -----> Setting up <default-centos-65>...
I, [2014-09-17T17:38:10.604729 #15736]  INFO -- Kitchen: -----> Verifying <default-centos-65>...
I, [2014-09-17T17:38:13.628943 #15736]  INFO -- Kitchen: -----> Kitchen is finished. (2m4.94s)
I, [2014-09-17T17:41:33.099475 #15796]  INFO -- Kitchen: -----> Starting Kitchen (v1.2.1)
I, [2014-09-17T17:41:33.582534 #15796]  INFO -- Kitchen: -----> Destroying <default-centos-65>...
I, [2014-09-17T17:41:37.432343 #15796]  INFO -- Kitchen: -----> Destroying <default-centos-59>...
I, [2014-09-17T17:41:37.433429 #15796]  INFO -- Kitchen: -----> Kitchen is finished. (0m4.33s)
